<?xml version="1.0" encoding="UTF-8"?>
<!-- Generated by org.testng.reporters.JUnitReportReporter -->
<testsuite skipped="0" hostname="XIPL0606" name="com.Signup.POC.eVerifile.signUpAutomation" tests="1" failures="0" timestamp="26 Dec 2018 07:09:18 GMT" time="23.344" errors="0">
  <testcase name="testSignUpFirstPage" time="23.344" classname="com.Signup.POC.eVerifile.signUpAutomation"/>
</testsuite> <!-- com.Signup.POC.eVerifile.signUpAutomation -->
