<?xml version="1.0" encoding="UTF-8"?>
<!-- Generated by org.testng.reporters.JUnitReportReporter -->
<testsuite skipped="0" hostname="XIPL0606" name="com.Signup.POC.eVerifile.LoginLogoutAutomation" tests="1" failures="0" timestamp="31 Dec 2018 13:30:10 GMT" time="9.412" errors="0">
  <testcase name="testLoginPage" time="9.412" classname="com.Signup.POC.eVerifile.LoginLogoutAutomation"/>
</testsuite> <!-- com.Signup.POC.eVerifile.LoginLogoutAutomation -->
