<?xml version="1.0" encoding="UTF-8"?>
<!-- Generated by org.testng.reporters.JUnitReportReporter -->
<testsuite skipped="0" hostname="XIPL0606" name="com.Signup.POC.eVerifile.signUpAutomation" tests="1" failures="0" timestamp="31 Dec 2018 13:30:10 GMT" time="20.063" errors="0">
  <testcase name="testSignUpFirstPage" time="20.063" classname="com.Signup.POC.eVerifile.signUpAutomation"/>
</testsuite> <!-- com.Signup.POC.eVerifile.signUpAutomation -->
